<?xml version="1.0" encoding="UTF-8"?>
<!-- Generated by org.testng.reporters.JUnitXMLReporter -->
<testsuite hostname="DESKTOP-P46RTQG" failures="3" tests="3" name="Surefire test" time="14.356" errors="0" timestamp="10 Oct 2022 09:11:38 GMT">
  <testcase classname="Demo.Second" name="@AfterTest last" time="0.0">
    <failure type="java.lang.NullPointerException" message="Cannot invoke &amp;quot;org.openqa.selenium.WebDriver.quit()&amp;quot; because &amp;quot;this.driver&amp;quot; is null">
      <![CDATA[java.lang.NullPointerException: Cannot invoke "org.openqa.selenium.WebDriver.quit()" because "this.driver" is null
	at Demo.Second.last(Second.java:53)
... Removed 27 stack frames]]>
    </failure>
  </testcase> <!-- @AfterTest last -->
  <testcase classname="Demo.Second" name="test1" time="0.005">
    <failure type="java.lang.NullPointerException" message="Cannot invoke &amp;quot;org.openqa.selenium.WebDriver.findElement(org.openqa.selenium.By)&amp;quot; because &amp;quot;this.driver&amp;quot; is null">
      <![CDATA[java.lang.NullPointerException: Cannot invoke "org.openqa.selenium.WebDriver.findElement(org.openqa.selenium.By)" because "this.driver" is null
	at Demo.Second.test1(Second.java:26)
... Removed 29 stack frames]]>
    </failure>
  </testcase> <!-- test1 -->
  <testcase classname="Demo.Second" name="test3" time="3.001">
    <failure type="java.lang.NullPointerException" message="Cannot invoke &amp;quot;org.openqa.selenium.WebDriver.findElement(org.openqa.selenium.By)&amp;quot; because &amp;quot;this.driver&amp;quot; is null">
      <![CDATA[java.lang.NullPointerException: Cannot invoke "org.openqa.selenium.WebDriver.findElement(org.openqa.selenium.By)" because "this.driver" is null
	at Demo.Second.test3(Second.java:44)
... Removed 29 stack frames]]>
    </failure>
  </testcase> <!-- test3 -->
  <testcase classname="Demo.Second" name="test2" time="2.008">
    <failure type="java.lang.NullPointerException" message="Cannot invoke &amp;quot;org.openqa.selenium.WebDriver.findElement(org.openqa.selenium.By)&amp;quot; because &amp;quot;this.driver&amp;quot; is null">
      <![CDATA[java.lang.NullPointerException: Cannot invoke "org.openqa.selenium.WebDriver.findElement(org.openqa.selenium.By)" because "this.driver" is null
	at Demo.Second.test2(Second.java:35)
... Removed 29 stack frames]]>
    </failure>
  </testcase> <!-- test2 -->
</testsuite> <!-- Surefire test -->
